<?xml version="1.0" encoding="UTF-8"?>
<!-- Generated by org.testng.reporters.JUnitReportReporter -->
<testsuite hostname="DESKTOP-4FV6CFN" name="Login1.LoginTest13" tests="1" failures="0" timestamp="17 Dec 2017 11:41:37 GMT" time="17.489" errors="0">
  <testcase name="testForget" time="17.489" classname="Login1.LoginTest13"/>
</testsuite> <!-- Login1.LoginTest13 -->
