<?xml version="1.0" encoding="UTF-8"?>
<!-- Generated by org.testng.reporters.JUnitReportReporter -->
<testsuite skipped="0" hostname="DESKTOP-4FV6CFN" name="Mail.SendEmail1" tests="1" failures="0" timestamp="15 十二月 2017 09:36:59 GMT" time="9.604" errors="0">
  <testcase name="send" time="9.604" classname="Mail.SendEmail1"/>
</testsuite> <!-- Mail.SendEmail1 -->
