<?xml version="1.0" encoding="UTF-8"?>
<!-- Generated by org.testng.reporters.JUnitReportReporter -->
<testsuite hostname="DESKTOP-4FV6CFN" name="Login2.UserLoginTest2" tests="5" failures="0" timestamp="17 Dec 2017 11:41:36 GMT" time="183.838" errors="0">
  <testcase name="testBackLogin3" time="50.333" classname="Login2.UserLoginTest2"/>
  <testcase name="testBackLogin5" time="27.595" classname="Login2.UserLoginTest2"/>
  <testcase name="testBackLogin2" time="27.969" classname="Login2.UserLoginTest2"/>
  <testcase name="testBackLogin" time="27.709" classname="Login2.UserLoginTest2"/>
  <testcase name="testBackLogin4" time="50.232" classname="Login2.UserLoginTest2"/>
</testsuite> <!-- Login2.UserLoginTest2 -->
