<?xml version="1.0" encoding="UTF-8"?>
<!-- Generated by org.testng.reporters.JUnitReportReporter -->
<testsuite skipped="0" hostname="DESKTOP-4FV6CFN" name="Login2.UserLoginTest2" tests="1" failures="0" timestamp="02 十二月 2017 14:00:12 GMT" time="32.988" errors="0">
  <testcase name="testBackLogin" time="32.988" classname="Login2.UserLoginTest2"/>
</testsuite> <!-- Login2.UserLoginTest2 -->
