<?xml version="1.0" encoding="UTF-8"?>
<!-- Generated by org.testng.reporters.JUnitReportReporter -->
<testsuite hostname="DESKTOP-4FV6CFN" name="Login1.LoginTest16" tests="1" failures="0" timestamp="17 Dec 2017 11:41:36 GMT" time="12.347" errors="0">
  <testcase name="testForget" time="12.347" classname="Login1.LoginTest16"/>
</testsuite> <!-- Login1.LoginTest16 -->
