<?xml version="1.0" encoding="UTF-8"?>
<!-- Generated by org.testng.reporters.JUnitReportReporter -->
<testsuite hostname="DESKTOP-4FV6CFN" name="Login1.LoginTest14" tests="1" failures="0" timestamp="17 Dec 2017 11:41:36 GMT" time="16.475" errors="0">
  <testcase name="testForget" time="16.475" classname="Login1.LoginTest14"/>
</testsuite> <!-- Login1.LoginTest14 -->
