<?xml version="1.0" encoding="UTF-8"?>
<!-- Generated by org.testng.reporters.JUnitReportReporter -->
<testsuite hostname="DESKTOP-4FV6CFN" name="Register.RegisterTest7" tests="1" failures="0" timestamp="17 Dec 2017 11:41:36 GMT" time="17.863" errors="0">
  <testcase name="register" time="17.863" classname="Register.RegisterTest7"/>
</testsuite> <!-- Register.RegisterTest7 -->
