<?xml version="1.0" encoding="UTF-8"?>
<!-- Generated by org.testng.reporters.JUnitReportReporter -->
<testsuite hostname="DESKTOP-4FV6CFN" name="Register.UserRegisterTest" tests="14" failures="0" timestamp="17 Dec 2017 11:41:37 GMT" time="393.705" errors="0">
  <testcase name="testBackLogin11" time="28.310" classname="Register.UserRegisterTest"/>
  <testcase name="testBackLogin10" time="28.350" classname="Register.UserRegisterTest"/>
  <testcase name="testBackLogin6" time="28.154" classname="Register.UserRegisterTest"/>
  <testcase name="testBackLogin9" time="27.764" classname="Register.UserRegisterTest"/>
  <testcase name="testBackLogin2" time="28.018" classname="Register.UserRegisterTest"/>
  <testcase name="testBackLogin13" time="27.857" classname="Register.UserRegisterTest"/>
  <testcase name="testBackLogin3" time="27.831" classname="Register.UserRegisterTest"/>
  <testcase name="testBackLogin12" time="27.902" classname="Register.UserRegisterTest"/>
  <testcase name="testBackLogin5" time="27.685" classname="Register.UserRegisterTest"/>
  <testcase name="testBackLogin14" time="27.903" classname="Register.UserRegisterTest"/>
  <testcase name="testBackLogin4" time="27.798" classname="Register.UserRegisterTest"/>
  <testcase name="testBackLogin7" time="27.704" classname="Register.UserRegisterTest"/>
  <testcase name="testBackLogin" time="30.712" classname="Register.UserRegisterTest"/>
  <testcase name="testBackLogin8" time="27.717" classname="Register.UserRegisterTest"/>
</testsuite> <!-- Register.UserRegisterTest -->
