<?xml version="1.0" encoding="UTF-8"?>
<!-- Generated by org.testng.reporters.JUnitReportReporter -->
<testsuite hostname="DESKTOP-4FV6CFN" name="Login2.LoginTest" tests="1" failures="0" timestamp="17 Dec 2017 11:41:36 GMT" time="16.106" errors="0">
  <testcase name="userlogin" time="16.106" classname="Login2.LoginTest"/>
</testsuite> <!-- Login2.LoginTest -->
