<?xml version="1.0" encoding="UTF-8"?>
<!-- Generated by org.testng.reporters.JUnitReportReporter -->
<testsuite hostname="DESKTOP-4FV6CFN" name="Register.RegisterTest8" tests="1" failures="0" timestamp="17 Dec 2017 11:41:37 GMT" time="18.480" errors="0">
  <testcase name="register" time="18.480" classname="Register.RegisterTest8"/>
</testsuite> <!-- Register.RegisterTest8 -->
