<?xml version="1.0" encoding="UTF-8"?>
<!-- Generated by org.testng.reporters.JUnitReportReporter -->
<testsuite hostname="DESKTOP-4FV6CFN" name="Login1.LoginTest10" tests="1" failures="0" timestamp="17 Dec 2017 11:41:37 GMT" time="16.916" errors="0">
  <testcase name="testForget" time="16.916" classname="Login1.LoginTest10"/>
</testsuite> <!-- Login1.LoginTest10 -->
